This file contains any messages produced by compilers while
running configure, to aid debugging if configure makes a mistake.

It was created by jive configure 0.1, which was
generated by GNU Autoconf 2.68.  Invocation command line was

  $ ./configure --host= --target= --prefix=/home/raoul/Documents/AllwinnerA10/enna-image/squeezeplay//build/linux host_alias= target_alias= --no-create --no-recursion

## --------- ##
## Platform. ##
## --------- ##

hostname = raoul-work
uname -m = x86_64
uname -r = 3.2.0-29-generic
uname -s = Linux
uname -v = #46-Ubuntu SMP Fri Jul 27 17:03:23 UTC 2012

/usr/bin/uname -p = unknown
/bin/uname -X     = unknown

/bin/arch              = unknown
/usr/bin/arch -k       = unknown
/usr/convex/getsysinfo = unknown
/usr/bin/hostinfo      = unknown
/bin/machine           = unknown
/usr/bin/oslevel       = unknown
/bin/universe          = unknown

PATH: /home/raoul/local/bin
PATH: /home/raoul/local/bin
PATH: /usr/lib/lightdm/lightdm
PATH: /usr/local/sbin
PATH: /usr/local/bin
PATH: /usr/sbin
PATH: /usr/bin
PATH: /sbin
PATH: /bin
PATH: /usr/games
PATH: /home/raoul/local/bin
PATH: /home/raoul/tizen_sdk/SDK/sdb
PATH: /home/raoul/tizen_sdk/SDK/build-system/bin


## ----------- ##
## Core tests. ##
## ----------- ##

configure:1722: checking build system type
configure:1736: result: x86_64-unknown-linux-gnu
configure:1756: checking host system type
configure:1769: result: x86_64-unknown-linux-gnu
configure:1805: checking for a BSD-compatible install
configure:1873: result: /usr/bin/install -c
configure:1884: checking whether build environment is sane
configure:1921: result: yes
configure:1983: checking for gawk
configure:1999: found /usr/bin/gawk
configure:2010: result: gawk
configure:2021: checking whether make sets $(MAKE)
configure:2043: result: yes
configure:2382: creating ./config.status

## ---------------- ##
## Cache variables. ##
## ---------------- ##

ac_cv_build=x86_64-unknown-linux-gnu
ac_cv_env_build_alias_set=
ac_cv_env_build_alias_value=
ac_cv_env_host_alias_set=set
ac_cv_env_host_alias_value=
ac_cv_env_target_alias_set=set
ac_cv_env_target_alias_value=
ac_cv_host=x86_64-unknown-linux-gnu
ac_cv_path_install='/usr/bin/install -c'
ac_cv_prog_AWK=gawk
ac_cv_prog_make_make_set=yes

## ----------------- ##
## Output variables. ##
## ----------------- ##

ACLOCAL='${SHELL} /home/raoul/Documents/AllwinnerA10/enna-image/squeezeplay/src/squeezeplay_desktop/config/missing --run aclocal-1.9'
AMTAR='${SHELL} /home/raoul/Documents/AllwinnerA10/enna-image/squeezeplay/src/squeezeplay_desktop/config/missing --run tar'
AUTOCONF='${SHELL} /home/raoul/Documents/AllwinnerA10/enna-image/squeezeplay/src/squeezeplay_desktop/config/missing --run autoconf'
AUTOHEADER='${SHELL} /home/raoul/Documents/AllwinnerA10/enna-image/squeezeplay/src/squeezeplay_desktop/config/missing --run autoheader'
AUTOMAKE='${SHELL} /home/raoul/Documents/AllwinnerA10/enna-image/squeezeplay/src/squeezeplay_desktop/config/missing --run automake-1.9'
AWK='gawk'
CYGPATH_W='echo'
DEFS='-DPACKAGE_NAME=\"jive\" -DPACKAGE_TARNAME=\"jive\" -DPACKAGE_VERSION=\"0.1\" -DPACKAGE_STRING=\"jive\ 0.1\" -DPACKAGE_BUGREPORT=\"bugs@slimdevices.com\" -DPACKAGE_URL=\"\" -DPACKAGE=\"jive\" -DVERSION=\"0.1\"'
ECHO_C=''
ECHO_N='-n'
ECHO_T=''
INSTALL_DATA='${INSTALL} -m 644'
INSTALL_PROGRAM='${INSTALL}'
INSTALL_SCRIPT='${INSTALL}'
INSTALL_STRIP_PROGRAM='${SHELL} $(install_sh) -c -s'
LIBOBJS=''
LIBS=''
LTLIBOBJS=''
MAKEINFO='${SHELL} /home/raoul/Documents/AllwinnerA10/enna-image/squeezeplay/src/squeezeplay_desktop/config/missing --run makeinfo'
PACKAGE='jive'
PACKAGE_BUGREPORT='bugs@slimdevices.com'
PACKAGE_NAME='jive'
PACKAGE_STRING='jive 0.1'
PACKAGE_TARNAME='jive'
PACKAGE_URL=''
PACKAGE_VERSION='0.1'
PATH_SEPARATOR=':'
SET_MAKE=''
SHELL='/bin/sh'
STRIP=''
VERSION='0.1'
am__leading_dot='.'
am__tar='${AMTAR} chof - "$$tardir"'
am__untar='${AMTAR} xf -'
bindir='${exec_prefix}/bin'
build='x86_64-unknown-linux-gnu'
build_alias=''
build_cpu='x86_64'
build_os='linux-gnu'
build_vendor='unknown'
datadir='${datarootdir}'
datarootdir='${prefix}/share'
docdir='${datarootdir}/doc/${PACKAGE_TARNAME}'
dvidir='${docdir}'
exec_prefix='${prefix}'
host='x86_64-unknown-linux-gnu'
host_alias=''
host_cpu='x86_64'
host_os='linux-gnu'
host_vendor='unknown'
htmldir='${docdir}'
includedir='${prefix}/include'
infodir='${datarootdir}/info'
install_sh='/home/raoul/Documents/AllwinnerA10/enna-image/squeezeplay/src/squeezeplay_desktop/config/install-sh'
libdir='${exec_prefix}/lib'
libexecdir='${exec_prefix}/libexec'
localedir='${datarootdir}/locale'
localstatedir='${prefix}/var'
mandir='${datarootdir}/man'
mkdir_p='mkdir -p --'
oldincludedir='/usr/include'
pdfdir='${docdir}'
prefix='/home/raoul/Documents/AllwinnerA10/enna-image/squeezeplay//build/linux'
program_transform_name='s,x,x,'
psdir='${docdir}'
sbindir='${exec_prefix}/sbin'
sharedstatedir='${prefix}/com'
sysconfdir='${prefix}/etc'
target_alias=''

## ----------- ##
## confdefs.h. ##
## ----------- ##

/* confdefs.h */
#define PACKAGE_NAME "jive"
#define PACKAGE_TARNAME "jive"
#define PACKAGE_VERSION "0.1"
#define PACKAGE_STRING "jive 0.1"
#define PACKAGE_BUGREPORT "bugs@slimdevices.com"
#define PACKAGE_URL ""
#define PACKAGE "jive"
#define VERSION "0.1"

configure: exit 0

## ---------------------- ##
## Running config.status. ##
## ---------------------- ##

This file was extended by jive config.status 0.1, which was
generated by GNU Autoconf 2.68.  Invocation command line was

  CONFIG_FILES    = 
  CONFIG_HEADERS  = 
  CONFIG_LINKS    = 
  CONFIG_COMMANDS = 
  $ ./config.status 

on raoul-work

config.status:755: creating Makefile
